2020-11-13 08:51:51,721 - /home/env/anaconda3/envs/tf_keras/lib/python3.7/site-packages/transformers/file_utils.py[line:55] - INFO: TensorFlow version 2.1.0 available.
2020-11-13 08:51:51,902 - /Data/xiaobensuan/Codes/Chatbot_Utils/models/intent_core/normal_intent.py[line:27] - INFO: ===========================意图识别模型开始加载===========================
2020-11-13 08:51:52,034 - /Data/xiaobensuan/Codes/Chatbot_Utils/models/intent_core/model/config.py[line:26] - INFO: labels is ['体育', '教育', '社会', '财经', '股票', '科技', '房产', '时政', '娱乐', '游戏']
2020-11-13 08:51:52,034 - /home/env/anaconda3/envs/tf_keras/lib/python3.7/site-packages/transformers/tokenization_utils.py[line:929] - INFO: Model name '/Data/public/pretrained_models/tensorflow2.x/chinese-roberta-wwm-ext-large/vocab.txt' not found in model shortcut name list (bert-base-uncased, bert-large-uncased, bert-base-cased, bert-large-cased, bert-base-multilingual-uncased, bert-base-multilingual-cased, bert-base-chinese, bert-base-german-cased, bert-large-uncased-whole-word-masking, bert-large-cased-whole-word-masking, bert-large-uncased-whole-word-masking-finetuned-squad, bert-large-cased-whole-word-masking-finetuned-squad, bert-base-cased-finetuned-mrpc, bert-base-german-dbmdz-cased, bert-base-german-dbmdz-uncased, bert-base-finnish-cased-v1, bert-base-finnish-uncased-v1, bert-base-dutch-cased). Assuming '/Data/public/pretrained_models/tensorflow2.x/chinese-roberta-wwm-ext-large/vocab.txt' is a path, a model identifier, or url to a directory containing tokenizer files.
2020-11-13 08:51:52,035 - /home/env/anaconda3/envs/tf_keras/lib/python3.7/site-packages/transformers/tokenization_utils.py[line:941] - WARNING: Calling ourTokenizer.from_pretrained() with the path to a single file or url is deprecated
2020-11-13 08:51:52,035 - /home/env/anaconda3/envs/tf_keras/lib/python3.7/site-packages/transformers/tokenization_utils.py[line:1013] - INFO: loading file /Data/public/pretrained_models/tensorflow2.x/chinese-roberta-wwm-ext-large/vocab.txt
2020-11-13 08:51:56,577 - /Data/xiaobensuan/Codes/Chatbot_Utils/models/intent_core/neural_intent.py[line:29] - INFO: ==========Intent bert model loaded!==============
2020-11-13 08:51:56,577 - /Data/xiaobensuan/Codes/Chatbot_Utils/models/intent_core/normal_intent.py[line:29] - INFO: ===========================意图识别模型加载完成===========================
2020-11-13 08:51:57,981 - /home/env/anaconda3/envs/tf_keras/lib/python3.7/site-packages/transformers/file_utils.py[line:55] - INFO: TensorFlow version 2.1.0 available.
2020-11-13 08:51:58,157 - /Data/xiaobensuan/Codes/Chatbot_Utils/models/intent_core/normal_intent.py[line:27] - INFO: ===========================意图识别模型开始加载===========================
2020-11-13 08:51:58,284 - /Data/xiaobensuan/Codes/Chatbot_Utils/models/intent_core/model/config.py[line:26] - INFO: labels is ['社会', '时政', '体育', '科技', '股票', '房产', '财经', '教育', '游戏', '娱乐']
2020-11-13 08:51:58,285 - /home/env/anaconda3/envs/tf_keras/lib/python3.7/site-packages/transformers/tokenization_utils.py[line:929] - INFO: Model name '/Data/public/pretrained_models/tensorflow2.x/chinese-roberta-wwm-ext-large/vocab.txt' not found in model shortcut name list (bert-base-uncased, bert-large-uncased, bert-base-cased, bert-large-cased, bert-base-multilingual-uncased, bert-base-multilingual-cased, bert-base-chinese, bert-base-german-cased, bert-large-uncased-whole-word-masking, bert-large-cased-whole-word-masking, bert-large-uncased-whole-word-masking-finetuned-squad, bert-large-cased-whole-word-masking-finetuned-squad, bert-base-cased-finetuned-mrpc, bert-base-german-dbmdz-cased, bert-base-german-dbmdz-uncased, bert-base-finnish-cased-v1, bert-base-finnish-uncased-v1, bert-base-dutch-cased). Assuming '/Data/public/pretrained_models/tensorflow2.x/chinese-roberta-wwm-ext-large/vocab.txt' is a path, a model identifier, or url to a directory containing tokenizer files.
2020-11-13 08:51:58,285 - /home/env/anaconda3/envs/tf_keras/lib/python3.7/site-packages/transformers/tokenization_utils.py[line:941] - WARNING: Calling ourTokenizer.from_pretrained() with the path to a single file or url is deprecated
2020-11-13 08:51:58,285 - /home/env/anaconda3/envs/tf_keras/lib/python3.7/site-packages/transformers/tokenization_utils.py[line:1013] - INFO: loading file /Data/public/pretrained_models/tensorflow2.x/chinese-roberta-wwm-ext-large/vocab.txt
2020-11-13 08:52:02,931 - /Data/xiaobensuan/Codes/Chatbot_Utils/models/intent_core/neural_intent.py[line:29] - INFO: ==========Intent bert model loaded!==============
2020-11-13 08:52:02,931 - /Data/xiaobensuan/Codes/Chatbot_Utils/models/intent_core/normal_intent.py[line:29] - INFO: ===========================意图识别模型加载完成===========================
2020-11-13 08:52:02,932 - /home/xsq/.local/lib/python3.7/site-packages/sanic/app.py[line:1388] - INFO: Goin' Fast @ http://0.0.0.0:9016
2020-11-13 08:52:02,933 - /home/xsq/.local/lib/python3.7/site-packages/sanic/server.py[line:911] - INFO: Starting worker [64404]
2020-11-13 08:52:40,189 - /Data/xiaobensuan/Codes/Chatbot_Utils/models/intent_core/normal_intent.py[line:33] - INFO: ======================>查询内容: ['中国的房地产市场真的强']
2020-11-13 08:52:41,139 - /Data/xiaobensuan/Codes/Chatbot_Utils/models/intent_core/normal_intent.py[line:57] - INFO: ======================>查询返回: {"status": "success", "code": 200, "intents": [{"intent": "体育", "prob": 0.9987381100654602}, {"intent": "财经", "prob": 0.0011116870446130633}, {"intent": "科技", "prob": 5.325932215782814e-05}, {"intent": "股票", "prob": 2.208496334787924e-05}, {"intent": "娱乐", "prob": 1.8843669749912806e-05}], "times": "2020-11-13 08:52:41"}
2020-11-13 08:52:41,139 - /Data/xiaobensuan/Codes/Chatbot_Utils/models/intent_core/normal_intent.py[line:58] - INFO: ======================>查询耗时: 0.9504661560058594
2020-11-13 08:52:41,140 - /Data/xiaobensuan/Codes/Chatbot_Utils/server/run_server.py[line:60] - INFO: {"result": {"status": "success", "code": 200, "intents": [{"intent": "体育", "prob": 0.9987381100654602}, {"intent": "财经", "prob": 0.0011116870446130633}, {"intent": "科技", "prob": 5.325932215782814e-05}, {"intent": "股票", "prob": 2.208496334787924e-05}, {"intent": "娱乐", "prob": 1.8843669749912806e-05}], "times": "2020-11-13 08:52:41"}, "time": "2020-11-13 08:52:41"}
2020-11-13 08:52:41,140 - /home/xsq/.local/lib/python3.7/site-packages/sanic/server.py[line:497] - INFO: 
2020-11-13 08:53:13,299 - /Data/xiaobensuan/Codes/Chatbot_Utils/models/intent_core/normal_intent.py[line:33] - INFO: ======================>查询内容: ['北京建工与市政府再度合作推出郭庄子限价房']
2020-11-13 08:53:13,310 - /Data/xiaobensuan/Codes/Chatbot_Utils/models/intent_core/normal_intent.py[line:57] - INFO: ======================>查询返回: {"status": "success", "code": 200, "intents": [{"intent": "体育", "prob": 0.9994680285453796}, {"intent": "财经", "prob": 0.0003823925508186221}, {"intent": "股票", "prob": 5.760325802839361e-05}, {"intent": "教育", "prob": 2.2493035430670716e-05}, {"intent": "科技", "prob": 2.1636396922986023e-05}], "times": "2020-11-13 08:53:13"}
2020-11-13 08:53:13,310 - /Data/xiaobensuan/Codes/Chatbot_Utils/models/intent_core/normal_intent.py[line:58] - INFO: ======================>查询耗时: 0.01049494743347168
2020-11-13 08:53:13,310 - /Data/xiaobensuan/Codes/Chatbot_Utils/server/run_server.py[line:60] - INFO: {"result": {"status": "success", "code": 200, "intents": [{"intent": "体育", "prob": 0.9994680285453796}, {"intent": "财经", "prob": 0.0003823925508186221}, {"intent": "股票", "prob": 5.760325802839361e-05}, {"intent": "教育", "prob": 2.2493035430670716e-05}, {"intent": "科技", "prob": 2.1636396922986023e-05}], "times": "2020-11-13 08:53:13"}, "time": "2020-11-13 08:53:13"}
2020-11-13 08:53:13,310 - /home/xsq/.local/lib/python3.7/site-packages/sanic/server.py[line:497] - INFO: 
2020-11-13 08:53:30,072 - /home/xsq/.local/lib/python3.7/site-packages/sanic/server.py[line:914] - INFO: Stopping worker [64404]
2020-11-13 08:53:30,072 - /home/xsq/.local/lib/python3.7/site-packages/sanic/app.py[line:1140] - INFO: Server Stopped
2020-11-13 21:50:18,376 - /home/env/anaconda3/envs/tf_keras/lib/python3.7/site-packages/transformers/file_utils.py[line:55] - INFO: TensorFlow version 2.1.0 available.
2020-11-13 21:50:18,553 - /Data/xiaobensuan/Codes/Chatbot_Utils/models/intent_core/normal_intent.py[line:27] - INFO: ===========================意图识别模型开始加载===========================
2020-11-13 21:50:18,553 - /home/env/anaconda3/envs/tf_keras/lib/python3.7/site-packages/transformers/tokenization_utils.py[line:929] - INFO: Model name '/Data/public/pretrained_models/tensorflow2.x/chinese-roberta-wwm-ext/vocab.txt' not found in model shortcut name list (bert-base-uncased, bert-large-uncased, bert-base-cased, bert-large-cased, bert-base-multilingual-uncased, bert-base-multilingual-cased, bert-base-chinese, bert-base-german-cased, bert-large-uncased-whole-word-masking, bert-large-cased-whole-word-masking, bert-large-uncased-whole-word-masking-finetuned-squad, bert-large-cased-whole-word-masking-finetuned-squad, bert-base-cased-finetuned-mrpc, bert-base-german-dbmdz-cased, bert-base-german-dbmdz-uncased, bert-base-finnish-cased-v1, bert-base-finnish-uncased-v1, bert-base-dutch-cased). Assuming '/Data/public/pretrained_models/tensorflow2.x/chinese-roberta-wwm-ext/vocab.txt' is a path, a model identifier, or url to a directory containing tokenizer files.
2020-11-13 21:50:18,553 - /home/env/anaconda3/envs/tf_keras/lib/python3.7/site-packages/transformers/tokenization_utils.py[line:941] - WARNING: Calling ourTokenizer.from_pretrained() with the path to a single file or url is deprecated
2020-11-13 21:50:18,553 - /home/env/anaconda3/envs/tf_keras/lib/python3.7/site-packages/transformers/tokenization_utils.py[line:1013] - INFO: loading file /Data/public/pretrained_models/tensorflow2.x/chinese-roberta-wwm-ext/vocab.txt
2020-11-13 21:50:21,310 - /Data/xiaobensuan/Codes/Chatbot_Utils/models/intent_core/neural_intent.py[line:29] - INFO: ==========Intent bert model loaded!==============
2020-11-13 21:50:21,310 - /Data/xiaobensuan/Codes/Chatbot_Utils/models/intent_core/normal_intent.py[line:29] - INFO: ===========================意图识别模型加载完成===========================
2020-11-13 21:50:22,686 - /home/env/anaconda3/envs/tf_keras/lib/python3.7/site-packages/transformers/file_utils.py[line:55] - INFO: TensorFlow version 2.1.0 available.
2020-11-13 21:50:22,862 - /Data/xiaobensuan/Codes/Chatbot_Utils/models/intent_core/normal_intent.py[line:27] - INFO: ===========================意图识别模型开始加载===========================
2020-11-13 21:50:22,862 - /home/env/anaconda3/envs/tf_keras/lib/python3.7/site-packages/transformers/tokenization_utils.py[line:929] - INFO: Model name '/Data/public/pretrained_models/tensorflow2.x/chinese-roberta-wwm-ext/vocab.txt' not found in model shortcut name list (bert-base-uncased, bert-large-uncased, bert-base-cased, bert-large-cased, bert-base-multilingual-uncased, bert-base-multilingual-cased, bert-base-chinese, bert-base-german-cased, bert-large-uncased-whole-word-masking, bert-large-cased-whole-word-masking, bert-large-uncased-whole-word-masking-finetuned-squad, bert-large-cased-whole-word-masking-finetuned-squad, bert-base-cased-finetuned-mrpc, bert-base-german-dbmdz-cased, bert-base-german-dbmdz-uncased, bert-base-finnish-cased-v1, bert-base-finnish-uncased-v1, bert-base-dutch-cased). Assuming '/Data/public/pretrained_models/tensorflow2.x/chinese-roberta-wwm-ext/vocab.txt' is a path, a model identifier, or url to a directory containing tokenizer files.
2020-11-13 21:50:22,862 - /home/env/anaconda3/envs/tf_keras/lib/python3.7/site-packages/transformers/tokenization_utils.py[line:941] - WARNING: Calling ourTokenizer.from_pretrained() with the path to a single file or url is deprecated
2020-11-13 21:50:22,863 - /home/env/anaconda3/envs/tf_keras/lib/python3.7/site-packages/transformers/tokenization_utils.py[line:1013] - INFO: loading file /Data/public/pretrained_models/tensorflow2.x/chinese-roberta-wwm-ext/vocab.txt
2020-11-13 21:50:25,642 - /Data/xiaobensuan/Codes/Chatbot_Utils/models/intent_core/neural_intent.py[line:29] - INFO: ==========Intent bert model loaded!==============
2020-11-13 21:50:25,642 - /Data/xiaobensuan/Codes/Chatbot_Utils/models/intent_core/normal_intent.py[line:29] - INFO: ===========================意图识别模型加载完成===========================
2020-11-13 21:50:25,643 - /home/xsq/.local/lib/python3.7/site-packages/sanic/app.py[line:1388] - INFO: Goin' Fast @ http://0.0.0.0:9016
2020-11-13 21:50:25,644 - /home/xsq/.local/lib/python3.7/site-packages/sanic/server.py[line:911] - INFO: Starting worker [56112]
2020-11-13 21:51:59,262 - /Data/xiaobensuan/Codes/Chatbot_Utils/models/intent_core/normal_intent.py[line:33] - INFO: ======================>查询内容: ['明天杭州天气']
2020-11-13 21:52:00,216 - /Data/xiaobensuan/Codes/Chatbot_Utils/models/intent_core/normal_intent.py[line:57] - INFO: ======================>查询返回: {"status": "success", "code": 200, "intents": [{"intent": "thanks", "prob": 0.6645035147666931}, {"intent": "goodbye", "prob": 0.08788565546274185}, {"intent": "greet", "prob": 0.08652472496032715}, {"intent": "unknown", "prob": 0.08578993380069733}, {"intent": "weather", "prob": 0.07529616355895996}], "times": "2020-11-13 21:52:00"}
2020-11-13 21:52:00,216 - /Data/xiaobensuan/Codes/Chatbot_Utils/models/intent_core/normal_intent.py[line:58] - INFO: ======================>查询耗时: 0.9534270763397217
2020-11-13 21:52:00,216 - /Data/xiaobensuan/Codes/Chatbot_Utils/server/run_server.py[line:60] - INFO: {"result": {"status": "success", "code": 200, "intents": [{"intent": "thanks", "prob": 0.6645035147666931}, {"intent": "goodbye", "prob": 0.08788565546274185}, {"intent": "greet", "prob": 0.08652472496032715}, {"intent": "unknown", "prob": 0.08578993380069733}, {"intent": "weather", "prob": 0.07529616355895996}], "times": "2020-11-13 21:52:00"}, "time": "2020-11-13 21:52:00"}
2020-11-13 21:52:00,216 - /home/xsq/.local/lib/python3.7/site-packages/sanic/server.py[line:497] - INFO: 
2020-11-13 21:56:28,590 - /home/xsq/.local/lib/python3.7/site-packages/sanic/server.py[line:914] - INFO: Stopping worker [56112]
2020-11-13 21:56:28,590 - /home/xsq/.local/lib/python3.7/site-packages/sanic/app.py[line:1140] - INFO: Server Stopped
2020-11-13 21:56:30,771 - /home/env/anaconda3/envs/tf_keras/lib/python3.7/site-packages/transformers/file_utils.py[line:55] - INFO: TensorFlow version 2.1.0 available.
2020-11-13 21:56:30,949 - /Data/xiaobensuan/Codes/Chatbot_Utils/models/intent_core/normal_intent.py[line:27] - INFO: ===========================意图识别模型开始加载===========================
2020-11-13 21:56:30,949 - /Data/xiaobensuan/Codes/Chatbot_Utils/models/intent_core/model/config.py[line:27] - INFO: label is ['goodbye', 'unknown', 'thanks', 'weather', 'greet']
2020-11-13 21:56:30,949 - /home/env/anaconda3/envs/tf_keras/lib/python3.7/site-packages/transformers/tokenization_utils.py[line:929] - INFO: Model name '/Data/public/pretrained_models/tensorflow2.x/chinese-roberta-wwm-ext/vocab.txt' not found in model shortcut name list (bert-base-uncased, bert-large-uncased, bert-base-cased, bert-large-cased, bert-base-multilingual-uncased, bert-base-multilingual-cased, bert-base-chinese, bert-base-german-cased, bert-large-uncased-whole-word-masking, bert-large-cased-whole-word-masking, bert-large-uncased-whole-word-masking-finetuned-squad, bert-large-cased-whole-word-masking-finetuned-squad, bert-base-cased-finetuned-mrpc, bert-base-german-dbmdz-cased, bert-base-german-dbmdz-uncased, bert-base-finnish-cased-v1, bert-base-finnish-uncased-v1, bert-base-dutch-cased). Assuming '/Data/public/pretrained_models/tensorflow2.x/chinese-roberta-wwm-ext/vocab.txt' is a path, a model identifier, or url to a directory containing tokenizer files.
2020-11-13 21:56:30,949 - /home/env/anaconda3/envs/tf_keras/lib/python3.7/site-packages/transformers/tokenization_utils.py[line:941] - WARNING: Calling ourTokenizer.from_pretrained() with the path to a single file or url is deprecated
2020-11-13 21:56:30,949 - /home/env/anaconda3/envs/tf_keras/lib/python3.7/site-packages/transformers/tokenization_utils.py[line:1013] - INFO: loading file /Data/public/pretrained_models/tensorflow2.x/chinese-roberta-wwm-ext/vocab.txt
2020-11-13 21:56:33,654 - /Data/xiaobensuan/Codes/Chatbot_Utils/models/intent_core/neural_intent.py[line:29] - INFO: ==========Intent bert model loaded!==============
2020-11-13 21:56:33,654 - /Data/xiaobensuan/Codes/Chatbot_Utils/models/intent_core/normal_intent.py[line:29] - INFO: ===========================意图识别模型加载完成===========================
2020-11-13 21:56:33,655 - /home/xsq/.local/lib/python3.7/site-packages/sanic/app.py[line:1388] - INFO: Goin' Fast @ http://0.0.0.0:9016
2020-11-13 21:56:33,656 - /home/xsq/.local/lib/python3.7/site-packages/sanic/server.py[line:911] - INFO: Starting worker [57075]
2020-11-13 21:57:04,357 - /home/xsq/.local/lib/python3.7/site-packages/sanic/server.py[line:914] - INFO: Stopping worker [57075]
2020-11-13 21:57:04,357 - /home/xsq/.local/lib/python3.7/site-packages/sanic/app.py[line:1140] - INFO: Server Stopped
2020-11-13 21:57:06,938 - /home/env/anaconda3/envs/tf_keras/lib/python3.7/site-packages/transformers/file_utils.py[line:55] - INFO: TensorFlow version 2.1.0 available.
2020-11-13 21:57:07,113 - /Data/xiaobensuan/Codes/Chatbot_Utils/models/intent_core/normal_intent.py[line:27] - INFO: ===========================意图识别模型开始加载===========================
2020-11-13 21:57:07,114 - /Data/xiaobensuan/Codes/Chatbot_Utils/models/intent_core/model/config.py[line:27] - INFO: label is ['unknown', 'thanks', 'greet', 'goodbye', 'weather']
2020-11-13 21:57:07,114 - /home/env/anaconda3/envs/tf_keras/lib/python3.7/site-packages/transformers/tokenization_utils.py[line:929] - INFO: Model name '/Data/public/pretrained_models/tensorflow2.x/chinese-roberta-wwm-ext/vocab.txt' not found in model shortcut name list (bert-base-uncased, bert-large-uncased, bert-base-cased, bert-large-cased, bert-base-multilingual-uncased, bert-base-multilingual-cased, bert-base-chinese, bert-base-german-cased, bert-large-uncased-whole-word-masking, bert-large-cased-whole-word-masking, bert-large-uncased-whole-word-masking-finetuned-squad, bert-large-cased-whole-word-masking-finetuned-squad, bert-base-cased-finetuned-mrpc, bert-base-german-dbmdz-cased, bert-base-german-dbmdz-uncased, bert-base-finnish-cased-v1, bert-base-finnish-uncased-v1, bert-base-dutch-cased). Assuming '/Data/public/pretrained_models/tensorflow2.x/chinese-roberta-wwm-ext/vocab.txt' is a path, a model identifier, or url to a directory containing tokenizer files.
2020-11-13 21:57:07,114 - /home/env/anaconda3/envs/tf_keras/lib/python3.7/site-packages/transformers/tokenization_utils.py[line:941] - WARNING: Calling ourTokenizer.from_pretrained() with the path to a single file or url is deprecated
2020-11-13 21:57:07,114 - /home/env/anaconda3/envs/tf_keras/lib/python3.7/site-packages/transformers/tokenization_utils.py[line:1013] - INFO: loading file /Data/public/pretrained_models/tensorflow2.x/chinese-roberta-wwm-ext/vocab.txt
2020-11-13 21:57:09,729 - /Data/xiaobensuan/Codes/Chatbot_Utils/models/intent_core/neural_intent.py[line:29] - INFO: ==========Intent bert model loaded!==============
2020-11-13 21:57:09,729 - /Data/xiaobensuan/Codes/Chatbot_Utils/models/intent_core/normal_intent.py[line:29] - INFO: ===========================意图识别模型加载完成===========================
2020-11-13 21:57:11,119 - /home/env/anaconda3/envs/tf_keras/lib/python3.7/site-packages/transformers/file_utils.py[line:55] - INFO: TensorFlow version 2.1.0 available.
2020-11-13 21:57:11,297 - /Data/xiaobensuan/Codes/Chatbot_Utils/models/intent_core/normal_intent.py[line:27] - INFO: ===========================意图识别模型开始加载===========================
2020-11-13 21:57:11,297 - /Data/xiaobensuan/Codes/Chatbot_Utils/models/intent_core/model/config.py[line:27] - INFO: label is ['goodbye', 'thanks', 'greet', 'weather', 'unknown']
2020-11-13 21:57:11,297 - /home/env/anaconda3/envs/tf_keras/lib/python3.7/site-packages/transformers/tokenization_utils.py[line:929] - INFO: Model name '/Data/public/pretrained_models/tensorflow2.x/chinese-roberta-wwm-ext/vocab.txt' not found in model shortcut name list (bert-base-uncased, bert-large-uncased, bert-base-cased, bert-large-cased, bert-base-multilingual-uncased, bert-base-multilingual-cased, bert-base-chinese, bert-base-german-cased, bert-large-uncased-whole-word-masking, bert-large-cased-whole-word-masking, bert-large-uncased-whole-word-masking-finetuned-squad, bert-large-cased-whole-word-masking-finetuned-squad, bert-base-cased-finetuned-mrpc, bert-base-german-dbmdz-cased, bert-base-german-dbmdz-uncased, bert-base-finnish-cased-v1, bert-base-finnish-uncased-v1, bert-base-dutch-cased). Assuming '/Data/public/pretrained_models/tensorflow2.x/chinese-roberta-wwm-ext/vocab.txt' is a path, a model identifier, or url to a directory containing tokenizer files.
2020-11-13 21:57:11,297 - /home/env/anaconda3/envs/tf_keras/lib/python3.7/site-packages/transformers/tokenization_utils.py[line:941] - WARNING: Calling ourTokenizer.from_pretrained() with the path to a single file or url is deprecated
2020-11-13 21:57:11,298 - /home/env/anaconda3/envs/tf_keras/lib/python3.7/site-packages/transformers/tokenization_utils.py[line:1013] - INFO: loading file /Data/public/pretrained_models/tensorflow2.x/chinese-roberta-wwm-ext/vocab.txt
2020-11-13 21:57:14,054 - /Data/xiaobensuan/Codes/Chatbot_Utils/models/intent_core/neural_intent.py[line:29] - INFO: ==========Intent bert model loaded!==============
2020-11-13 21:57:14,054 - /Data/xiaobensuan/Codes/Chatbot_Utils/models/intent_core/normal_intent.py[line:29] - INFO: ===========================意图识别模型加载完成===========================
2020-11-13 21:57:14,055 - /home/xsq/.local/lib/python3.7/site-packages/sanic/app.py[line:1388] - INFO: Goin' Fast @ http://0.0.0.0:9016
2020-11-13 21:57:14,056 - /home/xsq/.local/lib/python3.7/site-packages/sanic/server.py[line:911] - INFO: Starting worker [57352]
2020-11-13 22:10:30,226 - /home/xsq/.local/lib/python3.7/site-packages/sanic/server.py[line:914] - INFO: Stopping worker [57352]
2020-11-13 22:10:30,226 - /home/xsq/.local/lib/python3.7/site-packages/sanic/app.py[line:1140] - INFO: Server Stopped
2020-11-13 22:10:32,088 - /home/env/anaconda3/envs/tf_keras/lib/python3.7/site-packages/transformers/file_utils.py[line:55] - INFO: TensorFlow version 2.1.0 available.
2020-11-13 22:10:32,265 - /Data/xiaobensuan/Codes/Chatbot_Utils/models/intent_core/normal_intent.py[line:27] - INFO: ===========================意图识别模型开始加载===========================
2020-11-13 22:10:32,265 - /Data/xiaobensuan/Codes/Chatbot_Utils/models/intent_core/model/config.py[line:27] - INFO: label is ['greet', 'goodbye', 'weather', 'thanks', 'unknown']
2020-11-13 22:10:32,265 - /home/env/anaconda3/envs/tf_keras/lib/python3.7/site-packages/transformers/tokenization_utils.py[line:929] - INFO: Model name '/Data/public/pretrained_models/tensorflow2.x/chinese-roberta-wwm-ext/vocab.txt' not found in model shortcut name list (bert-base-uncased, bert-large-uncased, bert-base-cased, bert-large-cased, bert-base-multilingual-uncased, bert-base-multilingual-cased, bert-base-chinese, bert-base-german-cased, bert-large-uncased-whole-word-masking, bert-large-cased-whole-word-masking, bert-large-uncased-whole-word-masking-finetuned-squad, bert-large-cased-whole-word-masking-finetuned-squad, bert-base-cased-finetuned-mrpc, bert-base-german-dbmdz-cased, bert-base-german-dbmdz-uncased, bert-base-finnish-cased-v1, bert-base-finnish-uncased-v1, bert-base-dutch-cased). Assuming '/Data/public/pretrained_models/tensorflow2.x/chinese-roberta-wwm-ext/vocab.txt' is a path, a model identifier, or url to a directory containing tokenizer files.
2020-11-13 22:10:32,265 - /home/env/anaconda3/envs/tf_keras/lib/python3.7/site-packages/transformers/tokenization_utils.py[line:941] - WARNING: Calling ourTokenizer.from_pretrained() with the path to a single file or url is deprecated
2020-11-13 22:10:32,265 - /home/env/anaconda3/envs/tf_keras/lib/python3.7/site-packages/transformers/tokenization_utils.py[line:1013] - INFO: loading file /Data/public/pretrained_models/tensorflow2.x/chinese-roberta-wwm-ext/vocab.txt
2020-11-13 22:11:50,638 - /home/env/anaconda3/envs/tf_keras/lib/python3.7/site-packages/transformers/file_utils.py[line:55] - INFO: TensorFlow version 2.1.0 available.
2020-11-13 22:11:51,088 - /Data/xiaobensuan/Codes/Chatbot_Utils/models/intent_core/normal_intent.py[line:27] - INFO: ===========================意图识别模型开始加载===========================
2020-11-13 22:11:51,088 - /Data/xiaobensuan/Codes/Chatbot_Utils/models/intent_core/model/config.py[line:27] - INFO: label is ['greet', 'goodbye', 'weather', 'thanks', 'unknown']
2020-11-13 22:11:51,088 - /home/env/anaconda3/envs/tf_keras/lib/python3.7/site-packages/transformers/tokenization_utils.py[line:929] - INFO: Model name '/Data/public/pretrained_models/tensorflow2.x/chinese-roberta-wwm-ext/vocab.txt' not found in model shortcut name list (bert-base-uncased, bert-large-uncased, bert-base-cased, bert-large-cased, bert-base-multilingual-uncased, bert-base-multilingual-cased, bert-base-chinese, bert-base-german-cased, bert-large-uncased-whole-word-masking, bert-large-cased-whole-word-masking, bert-large-uncased-whole-word-masking-finetuned-squad, bert-large-cased-whole-word-masking-finetuned-squad, bert-base-cased-finetuned-mrpc, bert-base-german-dbmdz-cased, bert-base-german-dbmdz-uncased, bert-base-finnish-cased-v1, bert-base-finnish-uncased-v1, bert-base-dutch-cased). Assuming '/Data/public/pretrained_models/tensorflow2.x/chinese-roberta-wwm-ext/vocab.txt' is a path, a model identifier, or url to a directory containing tokenizer files.
2020-11-13 22:11:51,088 - /home/env/anaconda3/envs/tf_keras/lib/python3.7/site-packages/transformers/tokenization_utils.py[line:941] - WARNING: Calling ourTokenizer.from_pretrained() with the path to a single file or url is deprecated
2020-11-13 22:11:51,089 - /home/env/anaconda3/envs/tf_keras/lib/python3.7/site-packages/transformers/tokenization_utils.py[line:1013] - INFO: loading file /Data/public/pretrained_models/tensorflow2.x/chinese-roberta-wwm-ext/vocab.txt
2020-11-13 22:11:53,698 - /Data/xiaobensuan/Codes/Chatbot_Utils/models/intent_core/neural_intent.py[line:29] - INFO: ==========Intent bert model loaded!==============
2020-11-13 22:11:53,698 - /Data/xiaobensuan/Codes/Chatbot_Utils/models/intent_core/normal_intent.py[line:29] - INFO: ===========================意图识别模型加载完成===========================
2020-11-13 22:11:56,659 - /home/env/anaconda3/envs/tf_keras/lib/python3.7/site-packages/transformers/file_utils.py[line:55] - INFO: TensorFlow version 2.1.0 available.
2020-11-13 22:11:57,105 - /Data/xiaobensuan/Codes/Chatbot_Utils/models/intent_core/normal_intent.py[line:27] - INFO: ===========================意图识别模型开始加载===========================
2020-11-13 22:11:57,105 - /Data/xiaobensuan/Codes/Chatbot_Utils/models/intent_core/model/config.py[line:27] - INFO: label is ['greet', 'goodbye', 'weather', 'thanks', 'unknown']
2020-11-13 22:11:57,106 - /home/env/anaconda3/envs/tf_keras/lib/python3.7/site-packages/transformers/tokenization_utils.py[line:929] - INFO: Model name '/Data/public/pretrained_models/tensorflow2.x/chinese-roberta-wwm-ext/vocab.txt' not found in model shortcut name list (bert-base-uncased, bert-large-uncased, bert-base-cased, bert-large-cased, bert-base-multilingual-uncased, bert-base-multilingual-cased, bert-base-chinese, bert-base-german-cased, bert-large-uncased-whole-word-masking, bert-large-cased-whole-word-masking, bert-large-uncased-whole-word-masking-finetuned-squad, bert-large-cased-whole-word-masking-finetuned-squad, bert-base-cased-finetuned-mrpc, bert-base-german-dbmdz-cased, bert-base-german-dbmdz-uncased, bert-base-finnish-cased-v1, bert-base-finnish-uncased-v1, bert-base-dutch-cased). Assuming '/Data/public/pretrained_models/tensorflow2.x/chinese-roberta-wwm-ext/vocab.txt' is a path, a model identifier, or url to a directory containing tokenizer files.
2020-11-13 22:11:57,106 - /home/env/anaconda3/envs/tf_keras/lib/python3.7/site-packages/transformers/tokenization_utils.py[line:941] - WARNING: Calling ourTokenizer.from_pretrained() with the path to a single file or url is deprecated
2020-11-13 22:11:57,106 - /home/env/anaconda3/envs/tf_keras/lib/python3.7/site-packages/transformers/tokenization_utils.py[line:1013] - INFO: loading file /Data/public/pretrained_models/tensorflow2.x/chinese-roberta-wwm-ext/vocab.txt
2020-11-13 22:11:59,673 - /Data/xiaobensuan/Codes/Chatbot_Utils/models/intent_core/neural_intent.py[line:29] - INFO: ==========Intent bert model loaded!==============
2020-11-13 22:11:59,673 - /Data/xiaobensuan/Codes/Chatbot_Utils/models/intent_core/normal_intent.py[line:29] - INFO: ===========================意图识别模型加载完成===========================
2020-11-13 22:11:59,675 - /home/xsq/.local/lib/python3.7/site-packages/sanic/app.py[line:1388] - INFO: Goin' Fast @ http://0.0.0.0:9016
2020-11-13 22:11:59,678 - /home/xsq/.local/lib/python3.7/site-packages/sanic/server.py[line:911] - INFO: Starting worker [59963]
2020-11-13 22:12:05,295 - /Data/xiaobensuan/Codes/Chatbot_Utils/models/intent_core/normal_intent.py[line:33] - INFO: ======================>查询内容: ['明天杭州天气']
2020-11-13 22:12:06,212 - /Data/xiaobensuan/Codes/Chatbot_Utils/models/intent_core/normal_intent.py[line:57] - INFO: ======================>查询返回: {"status": "success", "code": 200, "intents": [{"intent": "weather", "prob": 0.5718826651573181}, {"intent": "goodbye", "prob": 0.12056010216474533}, {"intent": "greet", "prob": 0.11932682991027832}, {"intent": "unknown", "prob": 0.09533141553401947}, {"intent": "thanks", "prob": 0.09289902448654175}], "times": "2020-11-13 22:12:06"}
2020-11-13 22:12:06,213 - /Data/xiaobensuan/Codes/Chatbot_Utils/models/intent_core/normal_intent.py[line:58] - INFO: ======================>查询耗时: 0.917381763458252
2020-11-13 22:12:06,213 - /Data/xiaobensuan/Codes/Chatbot_Utils/server/run_server.py[line:60] - INFO: {"result": {"status": "success", "code": 200, "intents": [{"intent": "weather", "prob": 0.5718826651573181}, {"intent": "goodbye", "prob": 0.12056010216474533}, {"intent": "greet", "prob": 0.11932682991027832}, {"intent": "unknown", "prob": 0.09533141553401947}, {"intent": "thanks", "prob": 0.09289902448654175}], "times": "2020-11-13 22:12:06"}, "time": "2020-11-13 22:12:06"}
2020-11-13 22:12:06,214 - /home/xsq/.local/lib/python3.7/site-packages/sanic/server.py[line:497] - INFO: 
2020-11-13 22:12:14,142 - /Data/xiaobensuan/Codes/Chatbot_Utils/models/intent_core/normal_intent.py[line:33] - INFO: ======================>查询内容: ['明天杭州天气']
2020-11-13 22:12:14,148 - /Data/xiaobensuan/Codes/Chatbot_Utils/models/intent_core/normal_intent.py[line:57] - INFO: ======================>查询返回: {"status": "success", "code": 200, "intents": [{"intent": "weather", "prob": 0.5718826651573181}, {"intent": "goodbye", "prob": 0.12056010216474533}, {"intent": "greet", "prob": 0.11932682991027832}, {"intent": "unknown", "prob": 0.09533141553401947}, {"intent": "thanks", "prob": 0.09289902448654175}], "times": "2020-11-13 22:12:14"}
2020-11-13 22:12:14,148 - /Data/xiaobensuan/Codes/Chatbot_Utils/models/intent_core/normal_intent.py[line:58] - INFO: ======================>查询耗时: 0.006058692932128906
2020-11-13 22:12:14,148 - /Data/xiaobensuan/Codes/Chatbot_Utils/server/run_server.py[line:60] - INFO: {"result": {"status": "success", "code": 200, "intents": [{"intent": "weather", "prob": 0.5718826651573181}, {"intent": "goodbye", "prob": 0.12056010216474533}, {"intent": "greet", "prob": 0.11932682991027832}, {"intent": "unknown", "prob": 0.09533141553401947}, {"intent": "thanks", "prob": 0.09289902448654175}], "times": "2020-11-13 22:12:14"}, "time": "2020-11-13 22:12:14"}
2020-11-13 22:12:14,148 - /home/xsq/.local/lib/python3.7/site-packages/sanic/server.py[line:497] - INFO: 
2020-11-13 22:12:15,347 - /Data/xiaobensuan/Codes/Chatbot_Utils/models/intent_core/normal_intent.py[line:33] - INFO: ======================>查询内容: ['明天杭州天气']
2020-11-13 22:12:15,352 - /Data/xiaobensuan/Codes/Chatbot_Utils/models/intent_core/normal_intent.py[line:57] - INFO: ======================>查询返回: {"status": "success", "code": 200, "intents": [{"intent": "weather", "prob": 0.5718826651573181}, {"intent": "goodbye", "prob": 0.12056010216474533}, {"intent": "greet", "prob": 0.11932682991027832}, {"intent": "unknown", "prob": 0.09533141553401947}, {"intent": "thanks", "prob": 0.09289902448654175}], "times": "2020-11-13 22:12:15"}
2020-11-13 22:12:15,352 - /Data/xiaobensuan/Codes/Chatbot_Utils/models/intent_core/normal_intent.py[line:58] - INFO: ======================>查询耗时: 0.005147695541381836
2020-11-13 22:12:15,352 - /Data/xiaobensuan/Codes/Chatbot_Utils/server/run_server.py[line:60] - INFO: {"result": {"status": "success", "code": 200, "intents": [{"intent": "weather", "prob": 0.5718826651573181}, {"intent": "goodbye", "prob": 0.12056010216474533}, {"intent": "greet", "prob": 0.11932682991027832}, {"intent": "unknown", "prob": 0.09533141553401947}, {"intent": "thanks", "prob": 0.09289902448654175}], "times": "2020-11-13 22:12:15"}, "time": "2020-11-13 22:12:15"}
2020-11-13 22:12:15,353 - /home/xsq/.local/lib/python3.7/site-packages/sanic/server.py[line:497] - INFO: 
2020-11-13 22:12:16,455 - /Data/xiaobensuan/Codes/Chatbot_Utils/models/intent_core/normal_intent.py[line:33] - INFO: ======================>查询内容: ['明天杭州天气']
2020-11-13 22:12:16,460 - /Data/xiaobensuan/Codes/Chatbot_Utils/models/intent_core/normal_intent.py[line:57] - INFO: ======================>查询返回: {"status": "success", "code": 200, "intents": [{"intent": "weather", "prob": 0.5718826651573181}, {"intent": "goodbye", "prob": 0.12056010216474533}, {"intent": "greet", "prob": 0.11932682991027832}, {"intent": "unknown", "prob": 0.09533141553401947}, {"intent": "thanks", "prob": 0.09289902448654175}], "times": "2020-11-13 22:12:16"}
2020-11-13 22:12:16,460 - /Data/xiaobensuan/Codes/Chatbot_Utils/models/intent_core/normal_intent.py[line:58] - INFO: ======================>查询耗时: 0.005231618881225586
2020-11-13 22:12:16,460 - /Data/xiaobensuan/Codes/Chatbot_Utils/server/run_server.py[line:60] - INFO: {"result": {"status": "success", "code": 200, "intents": [{"intent": "weather", "prob": 0.5718826651573181}, {"intent": "goodbye", "prob": 0.12056010216474533}, {"intent": "greet", "prob": 0.11932682991027832}, {"intent": "unknown", "prob": 0.09533141553401947}, {"intent": "thanks", "prob": 0.09289902448654175}], "times": "2020-11-13 22:12:16"}, "time": "2020-11-13 22:12:16"}
2020-11-13 22:12:16,461 - /home/xsq/.local/lib/python3.7/site-packages/sanic/server.py[line:497] - INFO: 
2020-11-13 22:12:16,965 - /Data/xiaobensuan/Codes/Chatbot_Utils/models/intent_core/normal_intent.py[line:33] - INFO: ======================>查询内容: ['明天杭州天气']
2020-11-13 22:12:16,970 - /Data/xiaobensuan/Codes/Chatbot_Utils/models/intent_core/normal_intent.py[line:57] - INFO: ======================>查询返回: {"status": "success", "code": 200, "intents": [{"intent": "weather", "prob": 0.5718826651573181}, {"intent": "goodbye", "prob": 0.12056010216474533}, {"intent": "greet", "prob": 0.11932682991027832}, {"intent": "unknown", "prob": 0.09533141553401947}, {"intent": "thanks", "prob": 0.09289902448654175}], "times": "2020-11-13 22:12:16"}
2020-11-13 22:12:16,970 - /Data/xiaobensuan/Codes/Chatbot_Utils/models/intent_core/normal_intent.py[line:58] - INFO: ======================>查询耗时: 0.0047452449798583984
2020-11-13 22:12:16,970 - /Data/xiaobensuan/Codes/Chatbot_Utils/server/run_server.py[line:60] - INFO: {"result": {"status": "success", "code": 200, "intents": [{"intent": "weather", "prob": 0.5718826651573181}, {"intent": "goodbye", "prob": 0.12056010216474533}, {"intent": "greet", "prob": 0.11932682991027832}, {"intent": "unknown", "prob": 0.09533141553401947}, {"intent": "thanks", "prob": 0.09289902448654175}], "times": "2020-11-13 22:12:16"}, "time": "2020-11-13 22:12:16"}
2020-11-13 22:12:16,970 - /home/xsq/.local/lib/python3.7/site-packages/sanic/server.py[line:497] - INFO: 
2020-11-13 22:12:17,693 - /Data/xiaobensuan/Codes/Chatbot_Utils/models/intent_core/normal_intent.py[line:33] - INFO: ======================>查询内容: ['明天杭州天气']
2020-11-13 22:12:17,698 - /Data/xiaobensuan/Codes/Chatbot_Utils/models/intent_core/normal_intent.py[line:57] - INFO: ======================>查询返回: {"status": "success", "code": 200, "intents": [{"intent": "weather", "prob": 0.5718826651573181}, {"intent": "goodbye", "prob": 0.12056010216474533}, {"intent": "greet", "prob": 0.11932682991027832}, {"intent": "unknown", "prob": 0.09533141553401947}, {"intent": "thanks", "prob": 0.09289902448654175}], "times": "2020-11-13 22:12:17"}
2020-11-13 22:12:17,698 - /Data/xiaobensuan/Codes/Chatbot_Utils/models/intent_core/normal_intent.py[line:58] - INFO: ======================>查询耗时: 0.004998683929443359
2020-11-13 22:12:17,698 - /Data/xiaobensuan/Codes/Chatbot_Utils/server/run_server.py[line:60] - INFO: {"result": {"status": "success", "code": 200, "intents": [{"intent": "weather", "prob": 0.5718826651573181}, {"intent": "goodbye", "prob": 0.12056010216474533}, {"intent": "greet", "prob": 0.11932682991027832}, {"intent": "unknown", "prob": 0.09533141553401947}, {"intent": "thanks", "prob": 0.09289902448654175}], "times": "2020-11-13 22:12:17"}, "time": "2020-11-13 22:12:17"}
2020-11-13 22:12:17,698 - /home/xsq/.local/lib/python3.7/site-packages/sanic/server.py[line:497] - INFO: 
2020-11-13 22:12:30,287 - /Data/xiaobensuan/Codes/Chatbot_Utils/models/intent_core/normal_intent.py[line:33] - INFO: ======================>查询内容: ['美女加个微信呗']
2020-11-13 22:12:30,295 - /Data/xiaobensuan/Codes/Chatbot_Utils/models/intent_core/normal_intent.py[line:57] - INFO: ======================>查询返回: {"status": "success", "code": 200, "intents": [{"intent": "unknown", "prob": 0.2974381148815155}, {"intent": "weather", "prob": 0.2556972801685333}, {"intent": "goodbye", "prob": 0.1792137175798416}, {"intent": "greet", "prob": 0.16609413921833038}, {"intent": "thanks", "prob": 0.10155672580003738}], "times": "2020-11-13 22:12:30"}
2020-11-13 22:12:30,295 - /Data/xiaobensuan/Codes/Chatbot_Utils/models/intent_core/normal_intent.py[line:58] - INFO: ======================>查询耗时: 0.007634162902832031
2020-11-13 22:12:30,295 - /Data/xiaobensuan/Codes/Chatbot_Utils/server/run_server.py[line:60] - INFO: {"result": {"status": "success", "code": 200, "intents": [{"intent": "unknown", "prob": 0.2974381148815155}, {"intent": "weather", "prob": 0.2556972801685333}, {"intent": "goodbye", "prob": 0.1792137175798416}, {"intent": "greet", "prob": 0.16609413921833038}, {"intent": "thanks", "prob": 0.10155672580003738}], "times": "2020-11-13 22:12:30"}, "time": "2020-11-13 22:12:30"}
2020-11-13 22:12:30,296 - /home/xsq/.local/lib/python3.7/site-packages/sanic/server.py[line:497] - INFO: 
2020-11-13 22:17:32,884 - /Data/xiaobensuan/Codes/Chatbot_Utils/models/intent_core/normal_intent.py[line:33] - INFO: ======================>查询内容: ['美女加个微信呗']
2020-11-13 22:17:32,892 - /Data/xiaobensuan/Codes/Chatbot_Utils/models/intent_core/normal_intent.py[line:57] - INFO: ======================>查询返回: {"status": "success", "code": 200, "intents": [{"intent": "unknown", "prob": 0.2974381148815155}, {"intent": "weather", "prob": 0.2556972801685333}, {"intent": "goodbye", "prob": 0.1792137175798416}, {"intent": "greet", "prob": 0.16609413921833038}, {"intent": "thanks", "prob": 0.10155672580003738}], "times": "2020-11-13 22:17:32"}
2020-11-13 22:17:32,893 - /Data/xiaobensuan/Codes/Chatbot_Utils/models/intent_core/normal_intent.py[line:58] - INFO: ======================>查询耗时: 0.007936954498291016
2020-11-13 22:17:32,893 - /Data/xiaobensuan/Codes/Chatbot_Utils/server/run_server.py[line:60] - INFO: {"result": {"status": "success", "code": 200, "intents": [{"intent": "unknown", "prob": 0.2974381148815155}, {"intent": "weather", "prob": 0.2556972801685333}, {"intent": "goodbye", "prob": 0.1792137175798416}, {"intent": "greet", "prob": 0.16609413921833038}, {"intent": "thanks", "prob": 0.10155672580003738}], "times": "2020-11-13 22:17:32"}, "time": "2020-11-13 22:17:32"}
2020-11-13 22:17:32,893 - /home/xsq/.local/lib/python3.7/site-packages/sanic/server.py[line:497] - INFO: 
2020-11-13 22:17:34,102 - /Data/xiaobensuan/Codes/Chatbot_Utils/models/intent_core/normal_intent.py[line:33] - INFO: ======================>查询内容: ['美女加个微信呗']
2020-11-13 22:17:34,108 - /Data/xiaobensuan/Codes/Chatbot_Utils/models/intent_core/normal_intent.py[line:57] - INFO: ======================>查询返回: {"status": "success", "code": 200, "intents": [{"intent": "unknown", "prob": 0.2974381148815155}, {"intent": "weather", "prob": 0.2556972801685333}, {"intent": "goodbye", "prob": 0.1792137175798416}, {"intent": "greet", "prob": 0.16609413921833038}, {"intent": "thanks", "prob": 0.10155672580003738}], "times": "2020-11-13 22:17:34"}
2020-11-13 22:17:34,108 - /Data/xiaobensuan/Codes/Chatbot_Utils/models/intent_core/normal_intent.py[line:58] - INFO: ======================>查询耗时: 0.0055010318756103516
2020-11-13 22:17:34,108 - /Data/xiaobensuan/Codes/Chatbot_Utils/server/run_server.py[line:60] - INFO: {"result": {"status": "success", "code": 200, "intents": [{"intent": "unknown", "prob": 0.2974381148815155}, {"intent": "weather", "prob": 0.2556972801685333}, {"intent": "goodbye", "prob": 0.1792137175798416}, {"intent": "greet", "prob": 0.16609413921833038}, {"intent": "thanks", "prob": 0.10155672580003738}], "times": "2020-11-13 22:17:34"}, "time": "2020-11-13 22:17:34"}
2020-11-13 22:17:34,109 - /home/xsq/.local/lib/python3.7/site-packages/sanic/server.py[line:497] - INFO: 
2020-11-13 22:17:34,782 - /Data/xiaobensuan/Codes/Chatbot_Utils/models/intent_core/normal_intent.py[line:33] - INFO: ======================>查询内容: ['美女加个微信呗']
2020-11-13 22:17:34,788 - /Data/xiaobensuan/Codes/Chatbot_Utils/models/intent_core/normal_intent.py[line:57] - INFO: ======================>查询返回: {"status": "success", "code": 200, "intents": [{"intent": "unknown", "prob": 0.2974381148815155}, {"intent": "weather", "prob": 0.2556972801685333}, {"intent": "goodbye", "prob": 0.1792137175798416}, {"intent": "greet", "prob": 0.16609413921833038}, {"intent": "thanks", "prob": 0.10155672580003738}], "times": "2020-11-13 22:17:34"}
2020-11-13 22:17:34,788 - /Data/xiaobensuan/Codes/Chatbot_Utils/models/intent_core/normal_intent.py[line:58] - INFO: ======================>查询耗时: 0.00538945198059082
2020-11-13 22:17:34,788 - /Data/xiaobensuan/Codes/Chatbot_Utils/server/run_server.py[line:60] - INFO: {"result": {"status": "success", "code": 200, "intents": [{"intent": "unknown", "prob": 0.2974381148815155}, {"intent": "weather", "prob": 0.2556972801685333}, {"intent": "goodbye", "prob": 0.1792137175798416}, {"intent": "greet", "prob": 0.16609413921833038}, {"intent": "thanks", "prob": 0.10155672580003738}], "times": "2020-11-13 22:17:34"}, "time": "2020-11-13 22:17:34"}
2020-11-13 22:17:34,789 - /home/xsq/.local/lib/python3.7/site-packages/sanic/server.py[line:497] - INFO: 
2020-11-13 22:17:35,469 - /Data/xiaobensuan/Codes/Chatbot_Utils/models/intent_core/normal_intent.py[line:33] - INFO: ======================>查询内容: ['美女加个微信呗']
2020-11-13 22:17:35,478 - /Data/xiaobensuan/Codes/Chatbot_Utils/models/intent_core/normal_intent.py[line:57] - INFO: ======================>查询返回: {"status": "success", "code": 200, "intents": [{"intent": "unknown", "prob": 0.2974381148815155}, {"intent": "weather", "prob": 0.2556972801685333}, {"intent": "goodbye", "prob": 0.1792137175798416}, {"intent": "greet", "prob": 0.16609413921833038}, {"intent": "thanks", "prob": 0.10155672580003738}], "times": "2020-11-13 22:17:35"}
2020-11-13 22:17:35,478 - /Data/xiaobensuan/Codes/Chatbot_Utils/models/intent_core/normal_intent.py[line:58] - INFO: ======================>查询耗时: 0.008531570434570312
2020-11-13 22:17:35,478 - /Data/xiaobensuan/Codes/Chatbot_Utils/server/run_server.py[line:60] - INFO: {"result": {"status": "success", "code": 200, "intents": [{"intent": "unknown", "prob": 0.2974381148815155}, {"intent": "weather", "prob": 0.2556972801685333}, {"intent": "goodbye", "prob": 0.1792137175798416}, {"intent": "greet", "prob": 0.16609413921833038}, {"intent": "thanks", "prob": 0.10155672580003738}], "times": "2020-11-13 22:17:35"}, "time": "2020-11-13 22:17:35"}
2020-11-13 22:17:35,479 - /home/xsq/.local/lib/python3.7/site-packages/sanic/server.py[line:497] - INFO: 
2020-11-13 22:17:36,212 - /Data/xiaobensuan/Codes/Chatbot_Utils/models/intent_core/normal_intent.py[line:33] - INFO: ======================>查询内容: ['美女加个微信呗']
2020-11-13 22:17:36,218 - /Data/xiaobensuan/Codes/Chatbot_Utils/models/intent_core/normal_intent.py[line:57] - INFO: ======================>查询返回: {"status": "success", "code": 200, "intents": [{"intent": "unknown", "prob": 0.2974381148815155}, {"intent": "weather", "prob": 0.2556972801685333}, {"intent": "goodbye", "prob": 0.1792137175798416}, {"intent": "greet", "prob": 0.16609413921833038}, {"intent": "thanks", "prob": 0.10155672580003738}], "times": "2020-11-13 22:17:36"}
2020-11-13 22:17:36,218 - /Data/xiaobensuan/Codes/Chatbot_Utils/models/intent_core/normal_intent.py[line:58] - INFO: ======================>查询耗时: 0.0056493282318115234
2020-11-13 22:17:36,219 - /Data/xiaobensuan/Codes/Chatbot_Utils/server/run_server.py[line:60] - INFO: {"result": {"status": "success", "code": 200, "intents": [{"intent": "unknown", "prob": 0.2974381148815155}, {"intent": "weather", "prob": 0.2556972801685333}, {"intent": "goodbye", "prob": 0.1792137175798416}, {"intent": "greet", "prob": 0.16609413921833038}, {"intent": "thanks", "prob": 0.10155672580003738}], "times": "2020-11-13 22:17:36"}, "time": "2020-11-13 22:17:36"}
2020-11-13 22:17:36,219 - /home/xsq/.local/lib/python3.7/site-packages/sanic/server.py[line:497] - INFO: 
2020-11-13 22:17:37,033 - /Data/xiaobensuan/Codes/Chatbot_Utils/models/intent_core/normal_intent.py[line:33] - INFO: ======================>查询内容: ['美女加个微信呗']
2020-11-13 22:17:37,039 - /Data/xiaobensuan/Codes/Chatbot_Utils/models/intent_core/normal_intent.py[line:57] - INFO: ======================>查询返回: {"status": "success", "code": 200, "intents": [{"intent": "unknown", "prob": 0.2974381148815155}, {"intent": "weather", "prob": 0.2556972801685333}, {"intent": "goodbye", "prob": 0.1792137175798416}, {"intent": "greet", "prob": 0.16609413921833038}, {"intent": "thanks", "prob": 0.10155672580003738}], "times": "2020-11-13 22:17:37"}
2020-11-13 22:17:37,039 - /Data/xiaobensuan/Codes/Chatbot_Utils/models/intent_core/normal_intent.py[line:58] - INFO: ======================>查询耗时: 0.005418300628662109
2020-11-13 22:17:37,039 - /Data/xiaobensuan/Codes/Chatbot_Utils/server/run_server.py[line:60] - INFO: {"result": {"status": "success", "code": 200, "intents": [{"intent": "unknown", "prob": 0.2974381148815155}, {"intent": "weather", "prob": 0.2556972801685333}, {"intent": "goodbye", "prob": 0.1792137175798416}, {"intent": "greet", "prob": 0.16609413921833038}, {"intent": "thanks", "prob": 0.10155672580003738}], "times": "2020-11-13 22:17:37"}, "time": "2020-11-13 22:17:37"}
2020-11-13 22:17:37,040 - /home/xsq/.local/lib/python3.7/site-packages/sanic/server.py[line:497] - INFO: 
2020-11-13 22:17:37,680 - /Data/xiaobensuan/Codes/Chatbot_Utils/models/intent_core/normal_intent.py[line:33] - INFO: ======================>查询内容: ['美女加个微信呗']
2020-11-13 22:17:37,685 - /Data/xiaobensuan/Codes/Chatbot_Utils/models/intent_core/normal_intent.py[line:57] - INFO: ======================>查询返回: {"status": "success", "code": 200, "intents": [{"intent": "unknown", "prob": 0.2974381148815155}, {"intent": "weather", "prob": 0.2556972801685333}, {"intent": "goodbye", "prob": 0.1792137175798416}, {"intent": "greet", "prob": 0.16609413921833038}, {"intent": "thanks", "prob": 0.10155672580003738}], "times": "2020-11-13 22:17:37"}
2020-11-13 22:17:37,685 - /Data/xiaobensuan/Codes/Chatbot_Utils/models/intent_core/normal_intent.py[line:58] - INFO: ======================>查询耗时: 0.004808187484741211
2020-11-13 22:17:37,685 - /Data/xiaobensuan/Codes/Chatbot_Utils/server/run_server.py[line:60] - INFO: {"result": {"status": "success", "code": 200, "intents": [{"intent": "unknown", "prob": 0.2974381148815155}, {"intent": "weather", "prob": 0.2556972801685333}, {"intent": "goodbye", "prob": 0.1792137175798416}, {"intent": "greet", "prob": 0.16609413921833038}, {"intent": "thanks", "prob": 0.10155672580003738}], "times": "2020-11-13 22:17:37"}, "time": "2020-11-13 22:17:37"}
2020-11-13 22:17:37,686 - /home/xsq/.local/lib/python3.7/site-packages/sanic/server.py[line:497] - INFO: 
2020-11-13 22:17:38,386 - /Data/xiaobensuan/Codes/Chatbot_Utils/models/intent_core/normal_intent.py[line:33] - INFO: ======================>查询内容: ['美女加个微信呗']
2020-11-13 22:17:38,392 - /Data/xiaobensuan/Codes/Chatbot_Utils/models/intent_core/normal_intent.py[line:57] - INFO: ======================>查询返回: {"status": "success", "code": 200, "intents": [{"intent": "unknown", "prob": 0.2974381148815155}, {"intent": "weather", "prob": 0.2556972801685333}, {"intent": "goodbye", "prob": 0.1792137175798416}, {"intent": "greet", "prob": 0.16609413921833038}, {"intent": "thanks", "prob": 0.10155672580003738}], "times": "2020-11-13 22:17:38"}
2020-11-13 22:17:38,392 - /Data/xiaobensuan/Codes/Chatbot_Utils/models/intent_core/normal_intent.py[line:58] - INFO: ======================>查询耗时: 0.005552053451538086
2020-11-13 22:17:38,392 - /Data/xiaobensuan/Codes/Chatbot_Utils/server/run_server.py[line:60] - INFO: {"result": {"status": "success", "code": 200, "intents": [{"intent": "unknown", "prob": 0.2974381148815155}, {"intent": "weather", "prob": 0.2556972801685333}, {"intent": "goodbye", "prob": 0.1792137175798416}, {"intent": "greet", "prob": 0.16609413921833038}, {"intent": "thanks", "prob": 0.10155672580003738}], "times": "2020-11-13 22:17:38"}, "time": "2020-11-13 22:17:38"}
2020-11-13 22:17:38,393 - /home/xsq/.local/lib/python3.7/site-packages/sanic/server.py[line:497] - INFO: 
